232894.000000 232894 232894
474643.000000 241749 232894
706963.000000 241749 232320
938038.000000 241749 231075
1180530.000000 242492 231075
1417400.000000 242492 231075
1655321.000000 242492 231075
1892951.000000 242492 231075
2131782.000000 242492 231075
2373572.000000 242492 231075
2611726.000000 242492 231075
2852308.000000 242492 231075
3091671.000000 242492 231075
3326610.000000 242492 231075
3569573.000000 242963 231075
3809808.000000 242963 231075
4043942.000000 242963 231075
4290500.000000 246558 231075
4531240.000000 246558 231075
4763965.000000 246558 231075
4999178.000000 246558 231075
5239342.000000 246558 231075
5473706.000000 246558 231075
5716734.000000 246558 231075
5950423.000000 246558 231075
6195247.000000 246558 231075
6431699.000000 246558 231075
6667334.000000 246558 231075
6905138.000000 246558 231075
7140051.000000 246558 231075
7374856.000000 246558 231075
7612088.000000 246558 231075
7860102.000000 248014 231075
8095046.000000 248014 231075
8335375.000000 248014 231075
8580327.000000 248014 231075
8818265.000000 248014 231075
9057587.000000 248014 231075
9305624.000000 248037 231075
9539496.000000 248037 231075
9779619.000000 248037 231075
10018923.000000 248037 231075
10252760.000000 248037 231075
10495313.000000 248037 231075
10727474.000000 248037 231075
10966571.000000 248037 231075
11207731.000000 248037 231075
11443145.000000 248037 231075
11684454.000000 248037 231075
11918162.000000 248037 231075
12155233.000000 248037 231075
12399628.000000 248037 231075
12623273.000000 248037 223645
12866391.000000 248037 223645
13101837.000000 248037 223645
13333498.000000 248037 223645
13577183.000000 248037 223645
13817662.000000 248037 223645
14054443.000000 248037 223645
14292918.000000 248037 223645
14530351.000000 248037 223645
14778300.000000 248037 223645
15017659.000000 248037 223645
15245980.000000 248037 223645
15486454.000000 248037 223645
15733121.000000 248037 223645
15969213.000000 248037 223645
16218303.000000 249090 223645
16455134.000000 249090 223645
16700851.000000 249090 223645
16943002.000000 249090 223645
17185176.000000 249090 223645
17428822.000000 249090 223645
17677858.000000 249090 223645
17911884.000000 249090 223645
18152464.000000 249090 223645
18388695.000000 249090 223645
18626742.000000 249090 223645
18871013.000000 249090 223645
19108809.000000 249090 223645
19345647.000000 249090 223645
19587819.000000 249090 223645
19827218.000000 249090 223645
20068825.000000 249090 223645
20309078.000000 249090 223645
20552389.000000 249090 223645
20800365.000000 249090 223645
21038420.000000 249090 223645
21275984.000000 249090 223645
21510610.000000 249090 223645
21748018.000000 249090 223645
21991471.000000 249090 223645
22237417.000000 249090 223645
22476213.000000 249090 223645
22716143.000000 249090 223645
22959872.000000 249090 223645
23192772.000000 249090 223645
23435591.000000 249090 223645
23675230.000000 249090 223645
23907148.000000 249090 223645
24138490.000000 249090 223645
24373948.000000 249090 223645
24618115.000000 249090 223645
24852785.000000 249090 223645
25094394.000000 249090 223645
25333934.000000 249090 223645
25569871.000000 249090 223645
25815351.000000 249090 223645
26048499.000000 249090 223645
26293384.000000 249090 223645
26531411.000000 249090 223645
26775691.000000 249090 223645
27019861.000000 249090 223645
27253120.000000 249090 223645
27492648.000000 249090 223645
27739900.000000 249090 223645
27978376.000000 249090 223645
28221817.000000 249090 223645
28459779.000000 249090 223645
28700850.000000 249090 223645
28949763.000000 249090 223645
29181102.000000 249090 223645
29431719.000000 250617 223645
29675043.000000 250617 223645
29924154.000000 250617 223645
30169333.000000 250617 223645
30407210.000000 250617 223645
30639346.000000 250617 223645
30870796.000000 250617 223645
31104999.000000 250617 223645
31352903.000000 250617 223645
31591030.000000 250617 223645
31826040.000000 250617 223645
32062860.000000 250617 223645
32311772.000000 250617 223645
32554797.000000 250617 223645
32793235.000000 250617 223645
33025830.000000 250617 223645
33270738.000000 250617 223645
33510961.000000 250617 223645
33756168.000000 250617 223645
33989075.000000 250617 223645
34229981.000000 250617 223645
34473488.000000 250617 223645
34708970.000000 250617 223645
34943509.000000 250617 223645
35183172.000000 250617 223645
35422636.000000 250617 223645
35660848.000000 250617 223645
35903604.000000 250617 223645
36140916.000000 250617 223645
36372251.000000 250617 223645
36613572.000000 250617 223645
36845622.000000 250617 223645
37073063.000000 250617 223645
37311783.000000 250617 223645
37549157.000000 250617 223645
37788478.000000 250617 223645
38034823.000000 250617 223645
38278555.000000 250617 223645
38512824.000000 250617 223645
38759351.000000 250617 223645
39006375.000000 250617 223645
39244264.000000 250617 223645
39484153.000000 250617 223645
39725852.000000 250617 223645
39960033.000000 250617 223645
40206055.000000 250617 223645
40439923.000000 250617 223645
40680761.000000 250617 223645
40926050.000000 250617 223645
41177202.000000 251152 223645
41406445.000000 251152 223645
41645910.000000 251152 223645
41885384.000000 251152 223645
42131877.000000 251152 223645
42370765.000000 251152 223645
42612393.000000 251152 223645
42848576.000000 251152 223645
43089219.000000 251152 223645
43316325.000000 251152 223645
43551615.000000 251152 223645
43795767.000000 251152 223645
44039217.000000 251152 223645
44273703.000000 251152 223645
44514582.000000 251152 223645
44751021.000000 251152 223645
44993990.000000 251152 223645
45236591.000000 251152 223645
45470906.000000 251152 223645
45707814.000000 251152 223645
45947674.000000 251152 223645
46187954.000000 251152 223645
46422998.000000 251152 223645
46655090.000000 251152 223645
46890463.000000 251152 223645
47133626.000000 251152 223645
47368313.000000 251152 223645
47609916.000000 251152 223645
47849961.000000 251152 223645
48090073.000000 251152 223645
48327609.000000 251152 223645
48565349.000000 251152 223645
48805986.000000 251152 223645
49056237.000000 251152 223645
49303065.000000 251152 223645
49543150.000000 251152 223645
49785540.000000 251152 223645
50021512.000000 251152 223645
50255232.000000 251152 223645
50495555.000000 251152 223645
50732079.000000 251152 223645
50966955.000000 251152 223645
51200390.000000 251152 223645
51437245.000000 251152 223645
51678231.000000 251152 223645
51908987.000000 251152 223645
52143289.000000 251152 223645
52387035.000000 251152 223645
52626723.000000 251152 223645
52846688.000000 251152 219965
53078966.000000 251152 219965
53312023.000000 251152 219965
53562414.000000 251152 219965
53803918.000000 251152 219965
54044558.000000 251152 219965
54288633.000000 251152 219965
54529177.000000 251152 219965
54768696.000000 251152 219965
55010165.000000 251152 219965
55252997.000000 251152 219965
55485308.000000 251152 219965
55727083.000000 251152 219965
55968924.000000 251152 219965
56205917.000000 251152 219965
56453706.000000 251152 219965
56707365.000000 253659 219965
56943190.000000 253659 219965
57178089.000000 253659 219965
57410808.000000 253659 219965
57645966.000000 253659 219965
57883148.000000 253659 219965
58126717.000000 253659 219965
58361754.000000 253659 219965
58597244.000000 253659 219965
58836571.000000 253659 219965
59072705.000000 253659 219965
59316393.000000 253659 219965
59554159.000000 253659 219965
59796591.000000 253659 219965
60039655.000000 253659 219965
60272965.000000 253659 219965
60508331.000000 253659 219965
60752497.000000 253659 219965
60989788.000000 253659 219965
61227645.000000 253659 219965
61462880.000000 253659 219965
61696581.000000 253659 219965
61936520.000000 253659 219965
62165527.000000 253659 219965
62405702.000000 253659 219965
62642589.000000 253659 219965
62882338.000000 253659 219965
63119237.000000 253659 219965
63361136.000000 253659 219965
63605251.000000 253659 219965
63839148.000000 253659 219965
64085074.000000 253659 219965
64323534.000000 253659 219965
64558971.000000 253659 219965
64806535.000000 253659 219965
65049237.000000 253659 219965
65286323.000000 253659 219965
65531598.000000 253659 219965
65770337.000000 253659 219965
66009377.000000 253659 219965
66243982.000000 253659 219965
66478979.000000 253659 219965
66714274.000000 253659 219965
66955329.000000 253659 219965
67195460.000000 253659 219965
67431628.000000 253659 219965
67670709.000000 253659 219965
67907640.000000 253659 219965
68147115.000000 253659 219965
68384329.000000 253659 219965
68628638.000000 253659 219965
68869723.000000 253659 219965
69114462.000000 253659 219965
69361552.000000 253659 219965
69592541.000000 253659 219965
69829924.000000 253659 219965
70070926.000000 253659 219965
70309228.000000 253659 219965
70542936.000000 253659 219965
70778778.000000 253659 219965
71015084.000000 253659 219965
71248106.000000 253659 219965
71484525.000000 253659 219965
71719687.000000 253659 219965
71954089.000000 253659 219965
72198769.000000 253659 219965
72447643.000000 253659 219965
72680743.000000 253659 219965
72921899.000000 253659 219965
73174647.000000 253659 219965
73414925.000000 253659 219965
73653678.000000 253659 219965
73895506.000000 253659 219965
74131349.000000 253659 219965
74372716.000000 253659 219965
74610834.000000 253659 219965
74842420.000000 253659 219965
75084967.000000 253659 219965
75325158.000000 253659 219965
75561221.000000 253659 219965
75797164.000000 253659 219965
76034437.000000 253659 219965
76275845.000000 253659 219965
76519276.000000 253659 219965
76765355.000000 253659 219965
76999241.000000 253659 219965
77246455.000000 253659 219965
77488482.000000 253659 219965
77729997.000000 253659 219965
77968290.000000 253659 219965
78207594.000000 253659 219965
78458437.000000 253659 219965
78701054.000000 253659 219965
78938891.000000 253659 219965
79173752.000000 253659 219965
79416561.000000 253659 219965
79659480.000000 253659 219965
79908480.000000 253659 219965
80151083.000000 253659 219965
80391364.000000 253659 219965
80636606.000000 253659 219965
80877114.000000 253659 219965
81125524.000000 253659 219965
81362893.000000 253659 219965
81603590.000000 253659 219965
81855293.000000 253659 219965
82095748.000000 253659 219965
82332077.000000 253659 219965
82562565.000000 253659 219965
82799230.000000 253659 219965
83045015.000000 253659 219965
83289523.000000 253659 219965
83531217.000000 253659 219965
83770041.000000 253659 219965
84014069.000000 253659 219965
84251714.000000 253659 219965
84490005.000000 253659 219965
84733763.000000 253659 219965
84970863.000000 253659 219965
85210767.000000 253659 219965
85445389.000000 253659 219965
85685204.000000 253659 219965
85923187.000000 253659 219965
86160522.000000 253659 219965
86409214.000000 253659 219965
86644552.000000 253659 219965
86876148.000000 253659 219965
87109157.000000 253659 219965
87348951.000000 253659 219965
87590100.000000 253659 219965
87828459.000000 253659 219965
88063984.000000 253659 219965
88294474.000000 253659 219965
88535823.000000 253659 219965
88775357.000000 253659 219965
89010475.000000 253659 219965
89254008.000000 253659 219965
89494033.000000 253659 219965
89735672.000000 253659 219965
89972202.000000 253659 219965
90211691.000000 253659 219965
90452500.000000 253659 219965
90695040.000000 253659 219965
90929054.000000 253659 219965
91170740.000000 253659 219965
91405206.000000 253659 219965
91643916.000000 253659 219965
91887069.000000 253659 219965
92118710.000000 253659 219965
92354557.000000 253659 219965
92593927.000000 253659 219965
92834882.000000 253659 219965
93071879.000000 253659 219965
93301472.000000 253659 219965
93537741.000000 253659 219965
93782330.000000 253659 219965
94018049.000000 253659 219965
94260233.000000 253659 219965
94511705.000000 253659 219965
94756311.000000 253659 219965
94982977.000000 253659 219965
95222819.000000 253659 219965
95464944.000000 253659 219965
95708561.000000 253659 219965
95939695.000000 253659 219965
96182146.000000 253659 219965
96426376.000000 253659 219965
96668749.000000 253659 219965
96903289.000000 253659 219965
97149995.000000 253659 219965
97385286.000000 253659 219965
97630222.000000 253659 219965
97865191.000000 253659 219965
98109755.000000 253659 219965
98356938.000000 253659 219965
98594582.000000 253659 219965
98835517.000000 253659 219965
99075132.000000 253659 219965
99319320.000000 253659 219965
99551319.000000 253659 219965
99793607.000000 253659 219965
100033552.000000 253659 219965
100266312.000000 253659 219965
100511946.000000 253659 219965
100747199.000000 253659 219965
100985428.000000 253659 219965
101216482.000000 253659 219965
101456671.000000 253659 219965
101688188.000000 253659 219965
101932426.000000 253659 219965
102178061.000000 253659 219965
102422605.000000 253659 219965
102654630.000000 253659 219965
102885746.000000 253659 219965
103133103.000000 253659 219965
103370337.000000 253659 219965
103608644.000000 253659 219965
103852831.000000 253659 219965
104089301.000000 253659 219965
104335168.000000 253659 219965
104569442.000000 253659 219965
104817698.000000 253659 219965
105056506.000000 253659 219965
105293676.000000 253659 219965
105530399.000000 253659 219965
105767625.000000 253659 219965
105999686.000000 253659 219965
106227079.000000 253659 219965
106470093.000000 253659 219965
106719356.000000 253659 219965
106961694.000000 253659 219965
107206843.000000 253659 219965
107454595.000000 253659 219965
107689428.000000 253659 219965
107929575.000000 253659 219965
108167075.000000 253659 219965
108411074.000000 253659 219965
108644537.000000 253659 219965
108879050.000000 253659 219965
109120397.000000 253659 219965
109359429.000000 253659 219965
109600786.000000 253659 219965
109844162.000000 253659 219965
110088027.000000 253659 219965
110321116.000000 253659 219965
110560319.000000 253659 219965
110794940.000000 253659 219965
111039271.000000 253659 219965
111283188.000000 253659 219965
111514611.000000 253659 219965
111747609.000000 253659 219965
111980599.000000 253659 219965
112222570.000000 253659 219965
112462912.000000 253659 219965
112707381.000000 253659 219965
112942922.000000 253659 219965
113184345.000000 253659 219965
113428858.000000 253659 219965
113664077.000000 253659 219965
113909278.000000 253659 219965
114134703.000000 253659 219965
114366223.000000 253659 219965
114606842.000000 253659 219965
114848368.000000 253659 219965
115094214.000000 253659 219965
115335897.000000 253659 219965
115571438.000000 253659 219965
115811870.000000 253659 219965
116046236.000000 253659 219965
116295115.000000 253659 219965
116528126.000000 253659 219965
116761099.000000 253659 219965
117005905.000000 253659 219965
117245734.000000 253659 219965
117483399.000000 253659 219965
117725539.000000 253659 219965
117960168.000000 253659 219965
118199709.000000 253659 219965
118440864.000000 253659 219965
118686957.000000 253659 219965
118920682.000000 253659 219965
119174714.000000 254032 219965
119412321.000000 254032 219965
119662417.000000 254032 219965
119902552.000000 254032 219965
120153485.000000 254032 219965
120388547.000000 254032 219965
120627306.000000 254032 219965
120859510.000000 254032 219965
121100318.000000 254032 219965
121337093.000000 254032 219965
121578657.000000 254032 219965
121824715.000000 254032 219965
122058245.000000 254032 219965
122296039.000000 254032 219965
122537196.000000 254032 219965
122766682.000000 254032 219965
123004536.000000 254032 219965
123236600.000000 254032 219965
123469440.000000 254032 219965
123708136.000000 254032 219965
123940947.000000 254032 219965
124189865.000000 254032 219965
124429589.000000 254032 219965
124669349.000000 254032 219965
124913048.000000 254032 219965
125143939.000000 254032 219965
125386475.000000 254032 219965
125627722.000000 254032 219965
125874505.000000 254032 219965
126118102.000000 254032 219965
126357364.000000 254032 219965
126591383.000000 254032 219965
126823742.000000 254032 219965
127075046.000000 254032 219965
127312938.000000 254032 219965
127563477.000000 254032 219965
127791820.000000 254032 219965
128031009.000000 254032 219965
128275670.000000 254032 219965
128508371.000000 254032 219965
128746869.000000 254032 219965
128989162.000000 254032 219965
129227799.000000 254032 219965
129458073.000000 254032 219965
129691241.000000 254032 219965
129928666.000000 254032 219965
130174342.000000 254032 219965
130417405.000000 254032 219965
130656343.000000 254032 219965
130893507.000000 254032 219965
131131673.000000 254032 219965
131371544.000000 254032 219965
131617838.000000 254032 219965
131858160.000000 254032 219965
132096045.000000 254032 219965
132335773.000000 254032 219965
132577913.000000 254032 219965
132810199.000000 254032 219965
133045964.000000 254032 219965
133289301.000000 254032 219965
133533690.000000 254032 219965
133769507.000000 254032 219965
134014412.000000 254032 219965
134252704.000000 254032 219965
134497602.000000 254032 219965
134733822.000000 254032 219965
134981848.000000 254032 219965
135226608.000000 254032 219965
135462774.000000 254032 219965
135702076.000000 254032 219965
135945181.000000 254032 219965
136178919.000000 254032 219965
136415176.000000 254032 219965
136653379.000000 254032 219965
136896249.000000 254032 219965
137138232.000000 254032 219965
137368603.000000 254032 219965
137607185.000000 254032 219965
137856045.000000 254032 219965
138084956.000000 254032 219965
138320271.000000 254032 219965
138565623.000000 254032 219965
138810283.000000 254032 219965
139049694.000000 254032 219965
139288520.000000 254032 219965
139535043.000000 254032 219965
139780316.000000 254032 219965
140023264.000000 254032 219965
140256792.000000 254032 219965
140498795.000000 254032 219965
140742636.000000 254032 219965
140986410.000000 254032 219965
141226429.000000 254032 219965
141467527.000000 254032 219965
141701894.000000 254032 219965
141948240.000000 254032 219965
142192602.000000 254032 219965
142445072.000000 254032 219965
142681668.000000 254032 219965
142921984.000000 254032 219965
143168007.000000 254032 219965
143409574.000000 254032 219965
143648045.000000 254032 219965
143881859.000000 254032 219965
144120069.000000 254032 219965
144370150.000000 254032 219965
144613571.000000 254032 219965
144868596.000000 255025 219965
145100378.000000 255025 219965
145327989.000000 255025 219965
145564067.000000 255025 219965
145807312.000000 255025 219965
146049993.000000 255025 219965
146292303.000000 255025 219965
146524567.000000 255025 219965
146761597.000000 255025 219965
147009713.000000 255025 219965
147249705.000000 255025 219965
147489355.000000 255025 219965
147723242.000000 255025 219965
147958032.000000 255025 219965
148202688.000000 255025 219965
148443658.000000 255025 219965
148681793.000000 255025 219965
148927293.000000 255025 219965
149170714.000000 255025 219965
149409207.000000 255025 219965
149647966.000000 255025 219965
149892256.000000 255025 219965
150127939.000000 255025 219965
150367603.000000 255025 219965
150606164.000000 255025 219965
150840203.000000 255025 219965
151083399.000000 255025 219965
151319930.000000 255025 219965
151558916.000000 255025 219965
151791333.000000 255025 219965
152030506.000000 255025 219965
152263487.000000 255025 219965
152502911.000000 255025 219965
152738338.000000 255025 219965
152970656.000000 255025 219965
153213916.000000 255025 219965
153455692.000000 255025 219965
153693583.000000 255025 219965
153939529.000000 255025 219965
154174808.000000 255025 219965
154414478.000000 255025 219965
154648999.000000 255025 219965
154882592.000000 255025 219965
155120894.000000 255025 219965
155370645.000000 255025 219965
155605466.000000 255025 219965
155849367.000000 255025 219965
156084778.000000 255025 219965
156330040.000000 255025 219965
156564666.000000 255025 219965
156798973.000000 255025 219965
157040942.000000 255025 219965
157271654.000000 255025 219965
157516514.000000 255025 219965
157753634.000000 255025 219965
157999292.000000 255025 219965
158233023.000000 255025 219965
158467889.000000 255025 219965
158711653.000000 255025 219965
158956606.000000 255025 219965
159194101.000000 255025 219965
159434823.000000 255025 219965
159682464.000000 255025 219965
159931269.000000 255025 219965
160170451.000000 255025 219965
160418554.000000 255025 219965
160643522.000000 255025 219965
160882990.000000 255025 219965
161121106.000000 255025 219965
161359016.000000 255025 219965
161586607.000000 255025 219965
161822292.000000 255025 219965
162058963.000000 255025 219965
162303431.000000 255025 219965
162544996.000000 255025 219965
162792686.000000 255025 219965
163040074.000000 255025 219965
163288874.000000 255025 219965
163532755.000000 255025 219965
163771514.000000 255025 219965
164008086.000000 255025 219965
164237099.000000 255025 219965
164474121.000000 255025 219965
164720017.000000 255025 219965
164956384.000000 255025 219965
165193393.000000 255025 219965
165425099.000000 255025 219965
165668077.000000 255025 219965
165914955.000000 255025 219965
166152513.000000 255025 219965
166391075.000000 255025 219965
166628610.000000 255025 219965
166874233.000000 255025 219965
167116028.000000 255025 219965
167360605.000000 255025 219965
167597640.000000 255025 219965
167838863.000000 255025 219965
168076206.000000 255025 219965
168322634.000000 255025 219965
168572837.000000 255025 219965
168802220.000000 255025 219965
169047549.000000 255025 219965
169280623.000000 255025 219965
169529125.000000 255025 219965
169781814.000000 255025 219965
170025943.000000 255025 219965
170254901.000000 255025 219965
170497305.000000 255025 219965
170740780.000000 255025 219965
170976368.000000 255025 219965
171219924.000000 255025 219965
171460624.000000 255025 219965
171709167.000000 255025 219965
171948724.000000 255025 219965
172186588.000000 255025 219965
172434026.000000 255025 219965
172674103.000000 255025 219965
172915054.000000 255025 219965
173150332.000000 255025 219965
173381309.000000 255025 219965
173617269.000000 255025 219965
173859821.000000 255025 219965
174097947.000000 255025 219965
174334175.000000 255025 219965
174574603.000000 255025 219965
174815849.000000 255025 219965
175062519.000000 255025 219965
175301953.000000 255025 219965
175538035.000000 255025 219965
175784985.000000 255025 219965
176019535.000000 255025 219965
176262784.000000 255025 219965
176503475.000000 255025 219965
176750337.000000 255025 219965
176988627.000000 255025 219965
177220828.000000 255025 219965
177452784.000000 255025 219965
177683713.000000 255025 219965
177929516.000000 255025 219965
178165764.000000 255025 219965
178403578.000000 255025 219965
178640719.000000 255025 219965
178876120.000000 255025 219965
179126381.000000 255025 219965
179365976.000000 255025 219965
179600714.000000 255025 219965
179832478.000000 255025 219965
180071851.000000 255025 219965
180308289.000000 255025 219965
180549640.000000 255025 219965
180785943.000000 255025 219965
181027972.000000 255025 219965
181265654.000000 255025 219965
181510918.000000 255025 219965
181754901.000000 255025 219965
181993980.000000 255025 219965
182236065.000000 255025 219965
182465683.000000 255025 219965
182708690.000000 255025 219965
182952046.000000 255025 219965
183187667.000000 255025 219965
183429769.000000 255025 219965
183664040.000000 255025 219965
183910166.000000 255025 219965
184143498.000000 255025 219965
184386718.000000 255025 219965
184618236.000000 255025 219965
184850413.000000 255025 219965
185092349.000000 255025 219965
185340526.000000 255025 219965
185584167.000000 255025 219965
185822223.000000 255025 219965
186060377.000000 255025 219965
186301789.000000 255025 219965
186541473.000000 255025 219965
186770764.000000 255025 219965
187010855.000000 255025 219965
187243270.000000 255025 219965
187480728.000000 255025 219965
187716459.000000 255025 219965
187967688.000000 255025 219965
188206466.000000 255025 219965
188447807.000000 255025 219965
188686411.000000 255025 219965
188937388.000000 255025 219965
189176421.000000 255025 219965
189414661.000000 255025 219965
189652856.000000 255025 219965
189895138.000000 255025 219965
190143333.000000 255025 219965
190383688.000000 255025 219965
190623979.000000 255025 219965
190854979.000000 255025 219965
191099588.000000 255025 219965
191338536.000000 255025 219965
191580047.000000 255025 219965
191820940.000000 255025 219965
192053663.000000 255025 219965
192297944.000000 255025 219965
192539260.000000 255025 219965
192780941.000000 255025 219965
193025575.000000 255025 219965
193268701.000000 255025 219965
193518536.000000 255025 219965
193758443.000000 255025 219965
193997066.000000 255025 219965
194235698.000000 255025 219965
194479248.000000 255025 219965
194721579.000000 255025 219965
194968473.000000 255025 219965
195205942.000000 255025 219965
195442079.000000 255025 219965
195680061.000000 255025 219965
195917178.000000 255025 219965
196163128.000000 255025 219965
196409327.000000 255025 219965
196648779.000000 255025 219965
196894208.000000 255025 219965
197131787.000000 255025 219965
197372232.000000 255025 219965
197618611.000000 255025 219965
197856102.000000 255025 219965
198103313.000000 255025 219965
198343408.000000 255025 219965
198587015.000000 255025 219965
198826555.000000 255025 219965
199053309.000000 255025 219965
199291227.000000 255025 219965
199529904.000000 255025 219965
199768434.000000 255025 219965
200012002.000000 255025 219965
200249001.000000 255025 219965
200487996.000000 255025 219965
200724005.000000 255025 219965
200958614.000000 255025 219965
201197998.000000 255025 219965
201433640.000000 255025 219965
201679127.000000 255025 219965
201920987.000000 255025 219965
202162616.000000 255025 219965
202396054.000000 255025 219965
202627091.000000 255025 219965
202868006.000000 255025 219965
203102749.000000 255025 219965
203335220.000000 255025 219965
203570791.000000 255025 219965
203816460.000000 255025 219965
204065456.000000 255025 219965
204294892.000000 255025 219965
204534062.000000 255025 219965
204771140.000000 255025 219965
205012522.000000 255025 219965
205236979.000000 255025 219965
205481426.000000 255025 219965
205716982.000000 255025 219965
205963968.000000 255025 219965
206202083.000000 255025 219965
206433581.000000 255025 219965
206681587.000000 255025 219965
206926321.000000 255025 219965
207167693.000000 255025 219965
207403192.000000 255025 219965
207642710.000000 255025 219965
207880051.000000 255025 219965
208113576.000000 255025 219965
208352324.000000 255025 219965
208592758.000000 255025 219965
208829765.000000 255025 219965
209070280.000000 255025 219965
209324857.000000 255025 219965
209566431.000000 255025 219965
209804581.000000 255025 219965
210043504.000000 255025 219965
210298561.000000 255057 219965
210550786.000000 255057 219965
210793064.000000 255057 219965
211037029.000000 255057 219965
211275025.000000 255057 219965
211506480.000000 255057 219965
211744532.000000 255057 219965
211983657.000000 255057 219965
212226916.000000 255057 219965
212465490.000000 255057 219965
212712629.000000 255057 219965
212943915.000000 255057 219965
213184694.000000 255057 219965
213433725.000000 255057 219965
213684721.000000 255057 219965
213919468.000000 255057 219965
214155833.000000 255057 219965
214392660.000000 255057 219965
214640023.000000 255057 219965
214880405.000000 255057 219965
215118524.000000 255057 219965
215360581.000000 255057 219965
215595477.000000 255057 219965
215843209.000000 255057 219965
216083582.000000 255057 219965
216327070.000000 255057 219965
216566198.000000 255057 219965
216807578.000000 255057 219965
217053545.000000 255057 219965
217290701.000000 255057 219965
217524897.000000 255057 219965
217769526.000000 255057 219965
218003445.000000 255057 219965
218240176.000000 255057 219965
218484147.000000 255057 219965
218724445.000000 255057 219965
218961550.000000 255057 219965
219203123.000000 255057 219965
219447009.000000 255057 219965
219686919.000000 255057 219965
219928698.000000 255057 219965
220161923.000000 255057 219965
220408888.000000 255057 219965
220647300.000000 255057 219965
220893790.000000 255057 219965
221132468.000000 255057 219965
221376686.000000 255057 219965
221618392.000000 255057 219965
221854312.000000 255057 219965
222098936.000000 255057 219965
222336438.000000 255057 219965
222569285.000000 255057 219965
222806609.000000 255057 219965
223043285.000000 255057 219965
223290797.000000 255057 219965
223532488.000000 255057 219965
223778343.000000 255057 219965
224016422.000000 255057 219965
224255641.000000 255057 219965
224487236.000000 255057 219965
224728978.000000 255057 219965
224965220.000000 255057 219965
225201398.000000 255057 219965
225441622.000000 255057 219965
225680714.000000 255057 219965
225921684.000000 255057 219965
226167126.000000 255057 219965
226411232.000000 255057 219965
226643989.000000 255057 219965
226880872.000000 255057 219965
227124938.000000 255057 219965
227354128.000000 255057 219965
227589438.000000 255057 219965
227828362.000000 255057 219965
228064845.000000 255057 219965
228308772.000000 255057 219965
228544535.000000 255057 219965
228774424.000000 255057 219965
229015728.000000 255057 219965
229259594.000000 255057 219965
229509542.000000 255057 219965
229752525.000000 255057 219965
229998540.000000 255057 219965
230243912.000000 255057 219965
230486957.000000 255057 219965
230728810.000000 255057 219965
230978676.000000 255057 219965
231225512.000000 255057 219965
231472802.000000 255057 219965
231718058.000000 255057 219965
231949416.000000 255057 219965
232201474.000000 255057 219965
232436679.000000 255057 219965
232678499.000000 255057 219965
232918433.000000 255057 219965
233149241.000000 255057 219965
233396072.000000 255057 219965
233631309.000000 255057 219965
233868907.000000 255057 219965
234108166.000000 255057 219965
234355167.000000 255057 219965
234591301.000000 255057 219965
234838366.000000 255057 219965
235078748.000000 255057 219965
235318692.000000 255057 219965
235557682.000000 255057 219965
235803159.000000 255057 219965
236039945.000000 255057 219965
236278843.000000 255057 219965
236526778.000000 255057 219965
236767311.000000 255057 219965
237007739.000000 255057 219965
237236099.000000 255057 219965
237475961.000000 255057 219965
237726075.000000 255057 219965
237971561.000000 255057 219965
238211210.000000 255057 219965
238433088.000000 255057 219965
238665037.000000 255057 219965
238905330.000000 255057 219965
239140883.000000 255057 219965
239390187.000000 255057 219965
239628324.000000 255057 219965
