

*******************************************************************************
Wed Oct  8 19:18:01 2025


FIT:    data read from "exercise5.log" using 1:2
        format = x:z
        #datapoints = 100
        residuals are weighted equally (unit weight)

function used for fitting: f(x)
	f(x) = a * x + b
fitted parameters initialized with current variable values

iter      chisq       delta/lim  lambda   a             b            
   0 3.3444275958e+05   0.00e+00  4.11e+01    1.000000e+00   1.000000e+00
   5 3.3304748128e+00  -5.04e-08  4.11e-04    2.677240e-02  -4.006289e-01

After 5 iterations the fit converged.
final sum of squares of residuals : 3.33047
rel. change during last iteration : -5.04029e-13

degrees of freedom    (FIT_NDF)                        : 98
rms of residuals      (FIT_STDFIT) = sqrt(WSSR/ndf)    : 0.184349
variance of residuals (reduced chisquare) = WSSR/ndf   : 0.0339844

Final set of parameters            Asymptotic Standard Error
=======================            ==========================
a               = 0.0267724        +/- 0.0006386    (2.385%)
b               = -0.400629        +/- 0.03715      (9.272%)

correlation matrix of the fit parameters:
                a      b      
a               1.000 
b              -0.868  1.000 


*******************************************************************************
Wed Oct  8 19:19:50 2025


FIT:    data read from "exercise5.log" using 1:2
        format = x:z
        #datapoints = 100
        residuals are weighted equally (unit weight)

function used for fitting: f(x)
	f(x) = a * x * x + b
fitted parameters initialized with current variable values

iter      chisq       delta/lim  lambda   a             b            
   0 1.4325739909e+06   0.00e+00  8.57e+01    2.677240e-02  -4.006289e-01
   5 1.6846350392e-01  -4.38e-02  8.57e-04    2.635282e-04   5.972980e-02

After 5 iterations the fit converged.
final sum of squares of residuals : 0.168464
rel. change during last iteration : -4.38193e-07

degrees of freedom    (FIT_NDF)                        : 98
rms of residuals      (FIT_STDFIT) = sqrt(WSSR/ndf)    : 0.041461
variance of residuals (reduced chisquare) = WSSR/ndf   : 0.00171902

Final set of parameters            Asymptotic Standard Error
=======================            ==========================
a               = 0.000263528      +/- 1.378e-06    (0.5228%)
b               = 0.0597298        +/- 0.006239     (10.45%)

correlation matrix of the fit parameters:
                a      b      
a               1.000 
b              -0.747  1.000 


*******************************************************************************
Wed Oct  8 19:22:32 2025


FIT:    data read from "exercise5.log" using 1:2
        format = x:z
        #datapoints = 100
        residuals are weighted equally (unit weight)

function used for fitting: f(x)
	f(x) = a * x * x + b
fitted parameters initialized with current variable values

iter      chisq       delta/lim  lambda   a             b            
   0 1.6846350392e-01   0.00e+00  8.45e-01    2.635282e-04   5.972980e-02
   1 1.6846350392e-01   0.00e+00  8.45e-02    2.635282e-04   5.972980e-02

After 1 iterations the fit converged.
final sum of squares of residuals : 0.168464
rel. change during last iteration : 0

degrees of freedom    (FIT_NDF)                        : 98
rms of residuals      (FIT_STDFIT) = sqrt(WSSR/ndf)    : 0.041461
variance of residuals (reduced chisquare) = WSSR/ndf   : 0.00171902

Final set of parameters            Asymptotic Standard Error
=======================            ==========================
a               = 0.000263528      +/- 1.378e-06    (0.5228%)
b               = 0.0597298        +/- 0.006239     (10.45%)

correlation matrix of the fit parameters:
                a      b      
a               1.000 
b              -0.747  1.000 
