set title "MergeSort: Comparacion de OBs - Casos Mejor, Peor y Promedio"
set xlabel "Tamano de Entrada (N)"
set ylabel "Numero de OBs (OB)"
set terminal pngcairo size 1000,600
set output "mergesort_comparacion_obs.png"
set key inside left top

plot "< tail -n +2 mergesortbbs.log" using 1:3 with lines title 'Mejor Caso', \
     "< tail -n +2 mergesort.log" using 1:3 with lines title 'Caso Promedio', \
     "< tail -n +2 mergesortwbs.log" using 1:3 with lines title 'Peor Caso'
     
-------------------------------------------------------------------

set title "MergeSort: Tiempo medio"
set xlabel "Tamano de Entrada (N)"
set ylabel "Tiempo Promedio (s)"
set terminal pngcairo size 1000,600
set output "mergesort_tiempo_medio.png"
set key inside left top

plot "< tail -n +2 mergesort.log" using 1:2 with lines title 'Caso Promedio'

-------------------------------------------------------------------

set title "QuickSort: Comparacion de OBs - Casos Mejor y Promedios"
set xlabel "Tamano de Entrada (N)"
set ylabel "Numero de OBs (OB)"
set terminal pngcairo size 1000,600
set output "quicksort_obs_menos_wbs.png"
set key inside left top

plot "< tail -n +2 quicksortbbsms.log" using 1:3 with lines title 'Mejor Caso', \
     "< tail -n +2 quicksortm.log" using 1:3 with lines title 'Caso Promedio (Pivote alante)', \
     "< tail -n +2 quicksortma.log" using 1:3 with lines title 'Peor Caso (Pivote en el centro)', \
     "< tail -n +2 quicksortms.log" using 1:3 with lines title 'Peor Caso (Pivote en la mediana)'
     
-------------------------------------------------------------------

set title "QuickSort: Comparacion de OBs - Casos Peor"
set xlabel "Tamano de Entrada (N)"
set ylabel "Numero de OBs (OB)"
set terminal pngcairo size 1000,600
set output "quicksort_obs_wbs.png"
set key inside left top

plot "< tail -n +2 quicksortwbsm.log" using 1:3 with lines title 'Peor Caso'

-------------------------------------------------------------------

set title "Quicksort: Tiempo medio"
set xlabel "Tamano de Entrada (N)"
set ylabel "Tiempo Promedio (s)"
set terminal pngcairo size 1000,600
set output "quicksort_tiempo_medio.png"
set key inside left top

plot "< tail -n +2 quicksortm.log" using 1:2 with lines title 'Caso Promedio (Pivote alante)', \
     "< tail -n +2 quicksortma.log" using 1:2 with lines title 'Caso Promedio (Pivote en el centro)', \
     "< tail -n +2 quicksortms.log" using 1:2 with lines title 'Caso Promedio (Pivote en la mediana)'
     
-------------------------------------------------------------------

set title "Quicksort vs Mergesort: Tiempo medio"
set xlabel "Tamano de Entrada (N)"
set ylabel "Tiempo Promedio (s)"
set terminal pngcairo size 1000,600
set output "qs_ms_tiempo_medio.png"
set key inside left top

plot "< tail -n +2 quicksortm.log" using 1:2 with lines title 'Caso Promedio QS (Pivote alante)', \
     "< tail -n +2 quicksortma.log" using 1:2 with lines title 'Caso Promedio QS (Pivote en el centro)', \
     "< tail -n +2 quicksortms.log" using 1:2 with lines title 'Caso Promedio QS (Pivote en la mediana)', \
     "< tail -n +2 mergesort.log" using 1:2 with lines title 'Caso Promedio MS'
     
-------------------------------------------------------------------

set title "Quicksort vs Mergesort: Obs medias"
set xlabel "Tamano de Entrada (N)"
set ylabel "Numero de OBs (OB)"
set terminal pngcairo size 1000,600
set output "qs_ms_obs_medio.png"
set key inside left top

plot "< tail -n +2 quicksortm.log" using 1:3 with lines title 'Caso Promedio QS (Pivote alante)', \
     "< tail -n +2 quicksortma.log" using 1:3 with lines title 'Caso Promedio QS (Pivote en el centro)', \
     "< tail -n +2 quicksortms.log" using 1:3 with lines title 'Caso Promedio QS (Pivote en la mediana)', \
     "< tail -n +2 mergesort.log" using 1:3 with lines title 'Caso Promedio MS'
     
-------------------------------------------------------------------

set title "Quicksort vs Mergesort: Numero maximo de OBs"
set xlabel "Tamano de Entrada (N)"
set ylabel "Numero de OBs (OB)"
set terminal pngcairo size 1000,600
set output "qs_ms_obs_max.png"
set key inside left top

plot "< tail -n +2 quicksortwbsm.log" using 1:3 with lines title 'Caso Promedio QS (Pivote alante)', \
     "< tail -n +2 mergesortwbs.log" using 1:3 with lines title 'Caso Promedio MS'